+ cd ..
+ GPU_IDS=(3 4 5 6)
+ IDX=0
+ TRAINING_SCRIPT=train.py
+ TRANSFER=ppgbp
+ TARGET=sensors
+ CONFIG_FILE=core/config/dl/resnet/resnet_sensors.yaml
+ METHOD=prompt_global
+ BACKBONE=resnet1d
+ SHOTS=5
+ PENALTY=
+ PENALTY_SCALE_RANGE=(0)
+ WEIGHT_PER_PROMPT_OPTIONS=("")
+ QK_SIM_COEFF_RANGE=(0)
+ GLONORM_OPTIONS=("")
+ SCALING_OPTIONS=("")
+ HEAD_OPTIONS=("")
+ LAMBDA_RANGE=(1.0)
+ PCA_DIM_RANGE=(16)
+ POOL_RANGE=(3 10)
+ LR_RANGE=(1e-1 1e-2 1e-3)
+ WD_RANGE=(1e-1 1e-2 1e-3)
+ GLOBAL_COEFF_RANGE=(10 5 20)
+ BATCHSIZE_RANGE=(4 10 20)
+ QUERY_DIM_RANGE=(16 64)
+ METHOD_OPTIONS=("--stepbystep")
+ ADD_FREQ=("--add_freq")
+ for M in "${METHOD_OPTIONS[@]}"
+ for AF in "${ADD_FREQ[@]}"
+ for LR in "${LR_RANGE[@]}"
+ for WD in "${WD_RANGE[@]}"
+ for POOL in "${POOL_RANGE[@]}"
+ for PS in "${PENALTY_SCALE_RANGE[@]}"
+ for GLONORM in "${GLONORM_OPTIONS[@]}"
+ for GC in "${GLOBAL_COEFF_RANGE[@]}"
+ for QK in "${QK_SIM_COEFF_RANGE[@]}"
+ for PCADIM in "${PCA_DIM_RANGE[@]}"
+ for WPP in "${WEIGHT_PER_PROMPT_OPTIONS[@]}"
+ for SO in "${SCALING_OPTIONS[@]}"
+ for GC in "${GLOBAL_COEFF_RANGE[@]}"
+ for QK in "${QK_SIM_COEFF_RANGE[@]}"
+ for PCADIM in "${PCA_DIM_RANGE[@]}"
+ for WPP in "${WEIGHT_PER_PROMPT_OPTIONS[@]}"
+ for SO in "${SCALING_OPTIONS[@]}"
+ for GC in "${GLOBAL_COEFF_RANGE[@]}"
+ for QK in "${QK_SIM_COEFF_RANGE[@]}"
+ for PCADIM in "${PCA_DIM_RANGE[@]}"
+ for WPP in "${WEIGHT_PER_PROMPT_OPTIONS[@]}"
+ for SO in "${SCALING_OPTIONS[@]}"
+ for POOL in "${POOL_RANGE[@]}"
+ for PS in "${PENALTY_SCALE_RANGE[@]}"
+ for GLONORM in "${GLONORM_OPTIONS[@]}"
+ for GC in "${GLOBAL_COEFF_RANGE[@]}"
+ for QK in "${QK_SIM_COEFF_RANGE[@]}"
+ for PCADIM in "${PCA_DIM_RANGE[@]}"
+ for WPP in "${WEIGHT_PER_PROMPT_OPTIONS[@]}"
+ for SO in "${SCALING_OPTIONS[@]}"
+ for GC in "${GLOBAL_COEFF_RANGE[@]}"
+ for QK in "${QK_SIM_COEFF_RANGE[@]}"
+ for PCADIM in "${PCA_DIM_RANGE[@]}"
+ for WPP in "${WEIGHT_PER_PROMPT_OPTIONS[@]}"
+ for SO in "${SCALING_OPTIONS[@]}"
+ for GC in "${GLOBAL_COEFF_RANGE[@]}"
+ for QK in "${QK_SIM_COEFF_RANGE[@]}"
+ for PCADIM in "${PCA_DIM_RANGE[@]}"
+ for WPP in "${WEIGHT_PER_PROMPT_OPTIONS[@]}"
+ for SO in "${SCALING_OPTIONS[@]}"
+ for WD in "${WD_RANGE[@]}"
+ for POOL in "${POOL_RANGE[@]}"
+ for PS in "${PENALTY_SCALE_RANGE[@]}"
+ for GLONORM in "${GLONORM_OPTIONS[@]}"
+ for GC in "${GLOBAL_COEFF_RANGE[@]}"
+ for QK in "${QK_SIM_COEFF_RANGE[@]}"
+ for PCADIM in "${PCA_DIM_RANGE[@]}"
+ for WPP in "${WEIGHT_PER_PROMPT_OPTIONS[@]}"
+ for SO in "${SCALING_OPTIONS[@]}"
+ for GC in "${GLOBAL_COEFF_RANGE[@]}"
+ for QK in "${QK_SIM_COEFF_RANGE[@]}"
+ for PCADIM in "${PCA_DIM_RANGE[@]}"
+ for WPP in "${WEIGHT_PER_PROMPT_OPTIONS[@]}"
+ for SO in "${SCALING_OPTIONS[@]}"
+ for GC in "${GLOBAL_COEFF_RANGE[@]}"
+ for QK in "${QK_SIM_COEFF_RANGE[@]}"
+ for PCADIM in "${PCA_DIM_RANGE[@]}"
+ for WPP in "${WEIGHT_PER_PROMPT_OPTIONS[@]}"
+ for SO in "${SCALING_OPTIONS[@]}"
+ for POOL in "${POOL_RANGE[@]}"
+ for PS in "${PENALTY_SCALE_RANGE[@]}"
+ for GLONORM in "${GLONORM_OPTIONS[@]}"
+ for GC in "${GLOBAL_COEFF_RANGE[@]}"
+ for QK in "${QK_SIM_COEFF_RANGE[@]}"
+ for PCADIM in "${PCA_DIM_RANGE[@]}"
+ for WPP in "${WEIGHT_PER_PROMPT_OPTIONS[@]}"
+ for SO in "${SCALING_OPTIONS[@]}"
+ for GC in "${GLOBAL_COEFF_RANGE[@]}"
+ for QK in "${QK_SIM_COEFF_RANGE[@]}"
+ for PCADIM in "${PCA_DIM_RANGE[@]}"
+ for WPP in "${WEIGHT_PER_PROMPT_OPTIONS[@]}"
+ for SO in "${SCALING_OPTIONS[@]}"
+ for GC in "${GLOBAL_COEFF_RANGE[@]}"
+ for QK in "${QK_SIM_COEFF_RANGE[@]}"
+ for PCADIM in "${PCA_DIM_RANGE[@]}"
+ for WPP in "${WEIGHT_PER_PROMPT_OPTIONS[@]}"
+ for SO in "${SCALING_OPTIONS[@]}"
+ for WD in "${WD_RANGE[@]}"
+ for POOL in "${POOL_RANGE[@]}"
+ for PS in "${PENALTY_SCALE_RANGE[@]}"
+ for GLONORM in "${GLONORM_OPTIONS[@]}"
+ for GC in "${GLOBAL_COEFF_RANGE[@]}"
+ for QK in "${QK_SIM_COEFF_RANGE[@]}"
+ for PCADIM in "${PCA_DIM_RANGE[@]}"
+ for WPP in "${WEIGHT_PER_PROMPT_OPTIONS[@]}"
+ for SO in "${SCALING_OPTIONS[@]}"
+ for GC in "${GLOBAL_COEFF_RANGE[@]}"
+ for QK in "${QK_SIM_COEFF_RANGE[@]}"
+ for PCADIM in "${PCA_DIM_RANGE[@]}"
+ for WPP in "${WEIGHT_PER_PROMPT_OPTIONS[@]}"
+ for SO in "${SCALING_OPTIONS[@]}"
+ for GC in "${GLOBAL_COEFF_RANGE[@]}"
+ for QK in "${QK_SIM_COEFF_RANGE[@]}"
+ for PCADIM in "${PCA_DIM_RANGE[@]}"
+ for WPP in "${WEIGHT_PER_PROMPT_OPTIONS[@]}"
+ for SO in "${SCALING_OPTIONS[@]}"
+ for POOL in "${POOL_RANGE[@]}"
+ for PS in "${PENALTY_SCALE_RANGE[@]}"
+ for GLONORM in "${GLONORM_OPTIONS[@]}"
+ for GC in "${GLOBAL_COEFF_RANGE[@]}"
+ for QK in "${QK_SIM_COEFF_RANGE[@]}"
+ for PCADIM in "${PCA_DIM_RANGE[@]}"
+ for WPP in "${WEIGHT_PER_PROMPT_OPTIONS[@]}"
+ for SO in "${SCALING_OPTIONS[@]}"
+ for GC in "${GLOBAL_COEFF_RANGE[@]}"
+ for QK in "${QK_SIM_COEFF_RANGE[@]}"
+ for PCADIM in "${PCA_DIM_RANGE[@]}"
+ for WPP in "${WEIGHT_PER_PROMPT_OPTIONS[@]}"
+ for SO in "${SCALING_OPTIONS[@]}"
+ for GC in "${GLOBAL_COEFF_RANGE[@]}"
+ for QK in "${QK_SIM_COEFF_RANGE[@]}"
+ for PCADIM in "${PCA_DIM_RANGE[@]}"
+ for WPP in "${WEIGHT_PER_PROMPT_OPTIONS[@]}"
+ for SO in "${SCALING_OPTIONS[@]}"
+ for LR in "${LR_RANGE[@]}"
+ for WD in "${WD_RANGE[@]}"
+ for POOL in "${POOL_RANGE[@]}"
+ for PS in "${PENALTY_SCALE_RANGE[@]}"
+ for GLONORM in "${GLONORM_OPTIONS[@]}"
+ for GC in "${GLOBAL_COEFF_RANGE[@]}"
+ for QK in "${QK_SIM_COEFF_RANGE[@]}"
+ for PCADIM in "${PCA_DIM_RANGE[@]}"
+ for WPP in "${WEIGHT_PER_PROMPT_OPTIONS[@]}"
+ for SO in "${SCALING_OPTIONS[@]}"
+ for GC in "${GLOBAL_COEFF_RANGE[@]}"
+ for QK in "${QK_SIM_COEFF_RANGE[@]}"
+ for PCADIM in "${PCA_DIM_RANGE[@]}"
+ for WPP in "${WEIGHT_PER_PROMPT_OPTIONS[@]}"
+ for SO in "${SCALING_OPTIONS[@]}"
+ for GC in "${GLOBAL_COEFF_RANGE[@]}"
+ for QK in "${QK_SIM_COEFF_RANGE[@]}"
+ for PCADIM in "${PCA_DIM_RANGE[@]}"
+ for WPP in "${WEIGHT_PER_PROMPT_OPTIONS[@]}"
+ for SO in "${SCALING_OPTIONS[@]}"
+ for POOL in "${POOL_RANGE[@]}"
+ for PS in "${PENALTY_SCALE_RANGE[@]}"
+ for GLONORM in "${GLONORM_OPTIONS[@]}"
+ for GC in "${GLOBAL_COEFF_RANGE[@]}"
+ for QK in "${QK_SIM_COEFF_RANGE[@]}"
+ for PCADIM in "${PCA_DIM_RANGE[@]}"
+ for WPP in "${WEIGHT_PER_PROMPT_OPTIONS[@]}"
+ for SO in "${SCALING_OPTIONS[@]}"
+ for GC in "${GLOBAL_COEFF_RANGE[@]}"
+ for QK in "${QK_SIM_COEFF_RANGE[@]}"
+ for PCADIM in "${PCA_DIM_RANGE[@]}"
+ for WPP in "${WEIGHT_PER_PROMPT_OPTIONS[@]}"
+ for SO in "${SCALING_OPTIONS[@]}"
+ for GC in "${GLOBAL_COEFF_RANGE[@]}"
+ for QK in "${QK_SIM_COEFF_RANGE[@]}"
+ for PCADIM in "${PCA_DIM_RANGE[@]}"
+ for WPP in "${WEIGHT_PER_PROMPT_OPTIONS[@]}"
+ for SO in "${SCALING_OPTIONS[@]}"
+ for WD in "${WD_RANGE[@]}"
+ for POOL in "${POOL_RANGE[@]}"
+ for PS in "${PENALTY_SCALE_RANGE[@]}"
+ for GLONORM in "${GLONORM_OPTIONS[@]}"
+ for GC in "${GLOBAL_COEFF_RANGE[@]}"
+ for QK in "${QK_SIM_COEFF_RANGE[@]}"
+ for PCADIM in "${PCA_DIM_RANGE[@]}"
+ for WPP in "${WEIGHT_PER_PROMPT_OPTIONS[@]}"
+ for SO in "${SCALING_OPTIONS[@]}"
+ for GC in "${GLOBAL_COEFF_RANGE[@]}"
+ for QK in "${QK_SIM_COEFF_RANGE[@]}"
+ for PCADIM in "${PCA_DIM_RANGE[@]}"
+ for WPP in "${WEIGHT_PER_PROMPT_OPTIONS[@]}"
+ for SO in "${SCALING_OPTIONS[@]}"
+ for GC in "${GLOBAL_COEFF_RANGE[@]}"
+ for QK in "${QK_SIM_COEFF_RANGE[@]}"
+ for PCADIM in "${PCA_DIM_RANGE[@]}"
+ for WPP in "${WEIGHT_PER_PROMPT_OPTIONS[@]}"
+ for SO in "${SCALING_OPTIONS[@]}"
+ for POOL in "${POOL_RANGE[@]}"
+ for PS in "${PENALTY_SCALE_RANGE[@]}"
+ for GLONORM in "${GLONORM_OPTIONS[@]}"
+ for GC in "${GLOBAL_COEFF_RANGE[@]}"
+ for QK in "${QK_SIM_COEFF_RANGE[@]}"
+ for PCADIM in "${PCA_DIM_RANGE[@]}"
+ for WPP in "${WEIGHT_PER_PROMPT_OPTIONS[@]}"
+ for SO in "${SCALING_OPTIONS[@]}"
+ for GC in "${GLOBAL_COEFF_RANGE[@]}"
+ for QK in "${QK_SIM_COEFF_RANGE[@]}"
+ for PCADIM in "${PCA_DIM_RANGE[@]}"
+ for WPP in "${WEIGHT_PER_PROMPT_OPTIONS[@]}"
+ for SO in "${SCALING_OPTIONS[@]}"
+ for GC in "${GLOBAL_COEFF_RANGE[@]}"
+ for QK in "${QK_SIM_COEFF_RANGE[@]}"
+ for PCADIM in "${PCA_DIM_RANGE[@]}"
+ for WPP in "${WEIGHT_PER_PROMPT_OPTIONS[@]}"
+ for SO in "${SCALING_OPTIONS[@]}"
+ for WD in "${WD_RANGE[@]}"
+ for POOL in "${POOL_RANGE[@]}"
+ for PS in "${PENALTY_SCALE_RANGE[@]}"
+ for GLONORM in "${GLONORM_OPTIONS[@]}"
+ for GC in "${GLOBAL_COEFF_RANGE[@]}"
+ for QK in "${QK_SIM_COEFF_RANGE[@]}"
+ for PCADIM in "${PCA_DIM_RANGE[@]}"
+ for WPP in "${WEIGHT_PER_PROMPT_OPTIONS[@]}"
+ for SO in "${SCALING_OPTIONS[@]}"
+ for GC in "${GLOBAL_COEFF_RANGE[@]}"
+ for QK in "${QK_SIM_COEFF_RANGE[@]}"
+ for PCADIM in "${PCA_DIM_RANGE[@]}"
+ for WPP in "${WEIGHT_PER_PROMPT_OPTIONS[@]}"
+ for SO in "${SCALING_OPTIONS[@]}"
+ for GC in "${GLOBAL_COEFF_RANGE[@]}"
+ for QK in "${QK_SIM_COEFF_RANGE[@]}"
+ for PCADIM in "${PCA_DIM_RANGE[@]}"
+ for WPP in "${WEIGHT_PER_PROMPT_OPTIONS[@]}"
+ for SO in "${SCALING_OPTIONS[@]}"
+ for POOL in "${POOL_RANGE[@]}"
+ for PS in "${PENALTY_SCALE_RANGE[@]}"
+ for GLONORM in "${GLONORM_OPTIONS[@]}"
+ for GC in "${GLOBAL_COEFF_RANGE[@]}"
+ for QK in "${QK_SIM_COEFF_RANGE[@]}"
+ for PCADIM in "${PCA_DIM_RANGE[@]}"
+ for WPP in "${WEIGHT_PER_PROMPT_OPTIONS[@]}"
+ for SO in "${SCALING_OPTIONS[@]}"
+ for GC in "${GLOBAL_COEFF_RANGE[@]}"
+ for QK in "${QK_SIM_COEFF_RANGE[@]}"
+ for PCADIM in "${PCA_DIM_RANGE[@]}"
+ for WPP in "${WEIGHT_PER_PROMPT_OPTIONS[@]}"
+ for SO in "${SCALING_OPTIONS[@]}"
+ for GC in "${GLOBAL_COEFF_RANGE[@]}"
+ for QK in "${QK_SIM_COEFF_RANGE[@]}"
+ for PCADIM in "${PCA_DIM_RANGE[@]}"
+ for WPP in "${WEIGHT_PER_PROMPT_OPTIONS[@]}"
+ for SO in "${SCALING_OPTIONS[@]}"
+ for LR in "${LR_RANGE[@]}"
+ for WD in "${WD_RANGE[@]}"
+ for POOL in "${POOL_RANGE[@]}"
+ for PS in "${PENALTY_SCALE_RANGE[@]}"
+ for GLONORM in "${GLONORM_OPTIONS[@]}"
+ for GC in "${GLOBAL_COEFF_RANGE[@]}"
+ for QK in "${QK_SIM_COEFF_RANGE[@]}"
+ for PCADIM in "${PCA_DIM_RANGE[@]}"
+ for WPP in "${WEIGHT_PER_PROMPT_OPTIONS[@]}"
+ for SO in "${SCALING_OPTIONS[@]}"
+ for GC in "${GLOBAL_COEFF_RANGE[@]}"
+ for QK in "${QK_SIM_COEFF_RANGE[@]}"
+ for PCADIM in "${PCA_DIM_RANGE[@]}"
+ for WPP in "${WEIGHT_PER_PROMPT_OPTIONS[@]}"
+ for SO in "${SCALING_OPTIONS[@]}"
+ for GC in "${GLOBAL_COEFF_RANGE[@]}"
+ for QK in "${QK_SIM_COEFF_RANGE[@]}"
+ for PCADIM in "${PCA_DIM_RANGE[@]}"
+ for WPP in "${WEIGHT_PER_PROMPT_OPTIONS[@]}"
+ for SO in "${SCALING_OPTIONS[@]}"
+ for POOL in "${POOL_RANGE[@]}"
+ for PS in "${PENALTY_SCALE_RANGE[@]}"
+ for GLONORM in "${GLONORM_OPTIONS[@]}"
+ for GC in "${GLOBAL_COEFF_RANGE[@]}"
+ for QK in "${QK_SIM_COEFF_RANGE[@]}"
+ for PCADIM in "${PCA_DIM_RANGE[@]}"
+ for WPP in "${WEIGHT_PER_PROMPT_OPTIONS[@]}"
+ for SO in "${SCALING_OPTIONS[@]}"
+ for GC in "${GLOBAL_COEFF_RANGE[@]}"
+ for QK in "${QK_SIM_COEFF_RANGE[@]}"
+ for PCADIM in "${PCA_DIM_RANGE[@]}"
+ for WPP in "${WEIGHT_PER_PROMPT_OPTIONS[@]}"
+ for SO in "${SCALING_OPTIONS[@]}"
+ for GC in "${GLOBAL_COEFF_RANGE[@]}"
+ for QK in "${QK_SIM_COEFF_RANGE[@]}"
+ for PCADIM in "${PCA_DIM_RANGE[@]}"
+ for WPP in "${WEIGHT_PER_PROMPT_OPTIONS[@]}"
+ for SO in "${SCALING_OPTIONS[@]}"
+ for WD in "${WD_RANGE[@]}"
+ for POOL in "${POOL_RANGE[@]}"
+ for PS in "${PENALTY_SCALE_RANGE[@]}"
+ for GLONORM in "${GLONORM_OPTIONS[@]}"
+ for GC in "${GLOBAL_COEFF_RANGE[@]}"
+ for QK in "${QK_SIM_COEFF_RANGE[@]}"
+ for PCADIM in "${PCA_DIM_RANGE[@]}"
+ for WPP in "${WEIGHT_PER_PROMPT_OPTIONS[@]}"
+ for SO in "${SCALING_OPTIONS[@]}"
+ for GC in "${GLOBAL_COEFF_RANGE[@]}"
+ for QK in "${QK_SIM_COEFF_RANGE[@]}"
+ for PCADIM in "${PCA_DIM_RANGE[@]}"
+ for WPP in "${WEIGHT_PER_PROMPT_OPTIONS[@]}"
+ for SO in "${SCALING_OPTIONS[@]}"
+ for GC in "${GLOBAL_COEFF_RANGE[@]}"
+ for QK in "${QK_SIM_COEFF_RANGE[@]}"
+ for PCADIM in "${PCA_DIM_RANGE[@]}"
+ for WPP in "${WEIGHT_PER_PROMPT_OPTIONS[@]}"
+ for SO in "${SCALING_OPTIONS[@]}"
+ for POOL in "${POOL_RANGE[@]}"
+ for PS in "${PENALTY_SCALE_RANGE[@]}"
+ for GLONORM in "${GLONORM_OPTIONS[@]}"
+ for GC in "${GLOBAL_COEFF_RANGE[@]}"
+ for QK in "${QK_SIM_COEFF_RANGE[@]}"
+ for PCADIM in "${PCA_DIM_RANGE[@]}"
+ for WPP in "${WEIGHT_PER_PROMPT_OPTIONS[@]}"
+ for SO in "${SCALING_OPTIONS[@]}"
+ for GC in "${GLOBAL_COEFF_RANGE[@]}"
+ for QK in "${QK_SIM_COEFF_RANGE[@]}"
+ for PCADIM in "${PCA_DIM_RANGE[@]}"
+ for WPP in "${WEIGHT_PER_PROMPT_OPTIONS[@]}"
+ for SO in "${SCALING_OPTIONS[@]}"
+ for GC in "${GLOBAL_COEFF_RANGE[@]}"
+ for QK in "${QK_SIM_COEFF_RANGE[@]}"
+ for PCADIM in "${PCA_DIM_RANGE[@]}"
+ for WPP in "${WEIGHT_PER_PROMPT_OPTIONS[@]}"
+ for SO in "${SCALING_OPTIONS[@]}"
+ for WD in "${WD_RANGE[@]}"
+ for POOL in "${POOL_RANGE[@]}"
+ for PS in "${PENALTY_SCALE_RANGE[@]}"
+ for GLONORM in "${GLONORM_OPTIONS[@]}"
+ for GC in "${GLOBAL_COEFF_RANGE[@]}"
+ for QK in "${QK_SIM_COEFF_RANGE[@]}"
+ for PCADIM in "${PCA_DIM_RANGE[@]}"
+ for WPP in "${WEIGHT_PER_PROMPT_OPTIONS[@]}"
+ for SO in "${SCALING_OPTIONS[@]}"
+ for GC in "${GLOBAL_COEFF_RANGE[@]}"
+ for QK in "${QK_SIM_COEFF_RANGE[@]}"
+ for PCADIM in "${PCA_DIM_RANGE[@]}"
+ for WPP in "${WEIGHT_PER_PROMPT_OPTIONS[@]}"
+ for SO in "${SCALING_OPTIONS[@]}"
+ for GC in "${GLOBAL_COEFF_RANGE[@]}"
+ for QK in "${QK_SIM_COEFF_RANGE[@]}"
+ for PCADIM in "${PCA_DIM_RANGE[@]}"
+ for WPP in "${WEIGHT_PER_PROMPT_OPTIONS[@]}"
+ for SO in "${SCALING_OPTIONS[@]}"
+ for POOL in "${POOL_RANGE[@]}"
+ for PS in "${PENALTY_SCALE_RANGE[@]}"
+ for GLONORM in "${GLONORM_OPTIONS[@]}"
+ for GC in "${GLOBAL_COEFF_RANGE[@]}"
+ for QK in "${QK_SIM_COEFF_RANGE[@]}"
+ for PCADIM in "${PCA_DIM_RANGE[@]}"
+ for WPP in "${WEIGHT_PER_PROMPT_OPTIONS[@]}"
+ for SO in "${SCALING_OPTIONS[@]}"
+ for GC in "${GLOBAL_COEFF_RANGE[@]}"
+ for QK in "${QK_SIM_COEFF_RANGE[@]}"
+ for PCADIM in "${PCA_DIM_RANGE[@]}"
+ for WPP in "${WEIGHT_PER_PROMPT_OPTIONS[@]}"
+ for SO in "${SCALING_OPTIONS[@]}"
+ for GC in "${GLOBAL_COEFF_RANGE[@]}"
+ for QK in "${QK_SIM_COEFF_RANGE[@]}"
+ for PCADIM in "${PCA_DIM_RANGE[@]}"
+ for WPP in "${WEIGHT_PER_PROMPT_OPTIONS[@]}"
+ for SO in "${SCALING_OPTIONS[@]}"
